<?xml version="1.0" encoding="UTF-8"?>
<testng-results ignored="0" total="1" passed="1" failed="0" skipped="0">
  <reporter-output>
  </reporter-output>
  <suite started-at="2022-12-12T16:56:55 IST" name="Default suite" finished-at="2022-12-12T16:56:55 IST" duration-ms="126">
    <groups>
    </groups>
    <test started-at="2022-12-12T16:56:55 IST" name="Default test" finished-at="2022-12-12T16:56:55 IST" duration-ms="126">
      <class name="com.training.citrus.SampleHttpTest">
        <test-method is-config="true" signature="beforeSuite(org.testng.ITestContext)[pri:0, instance:com.training.citrus.SampleHttpTest@4fd4cae3]" started-at="2022-12-12T16:56:53 IST" name="beforeSuite" finished-at="2022-12-12T16:56:55 IST" duration-ms="2284" status="PASS">
          <params>
            <param index="0">
              <value>
                <![CDATA[org.testng.TestRunner@41bfa9e9]]>
              </value>
            </param>
          </params>
          <reporter-output>
          </reporter-output>
        </test-method> <!-- beforeSuite -->
        <test-method is-config="true" signature="before()[pri:0, instance:com.training.citrus.SampleHttpTest@4fd4cae3]" started-at="2022-12-12T16:56:55 IST" name="before" finished-at="2022-12-12T16:56:55 IST" duration-ms="0" status="PASS">
          <reporter-output>
          </reporter-output>
        </test-method> <!-- before -->
        <test-method signature="testGet()[pri:0, instance:com.training.citrus.SampleHttpTest@4fd4cae3]" started-at="2022-12-12T16:56:55 IST" name="testGet" finished-at="2022-12-12T16:56:55 IST" duration-ms="78" status="PASS">
          <reporter-output>
          </reporter-output>
        </test-method> <!-- testGet -->
        <test-method is-config="true" signature="after()[pri:0, instance:com.training.citrus.SampleHttpTest@4fd4cae3]" started-at="2022-12-12T16:56:55 IST" name="after" finished-at="2022-12-12T16:56:55 IST" duration-ms="1" status="PASS">
          <reporter-output>
          </reporter-output>
        </test-method> <!-- after -->
        <test-method is-config="true" signature="afterSuite(org.testng.ITestContext)[pri:0, instance:com.training.citrus.SampleHttpTest@4fd4cae3]" started-at="2022-12-12T16:56:55 IST" name="afterSuite" finished-at="2022-12-12T16:56:55 IST" duration-ms="115" status="PASS">
          <params>
            <param index="0">
              <value>
                <![CDATA[org.testng.TestRunner@41bfa9e9]]>
              </value>
            </param>
          </params>
          <reporter-output>
          </reporter-output>
        </test-method> <!-- afterSuite -->
      </class> <!-- com.training.citrus.SampleHttpTest -->
    </test> <!-- Default test -->
  </suite> <!-- Default suite -->
</testng-results>
